[ECMWF-INFO -sbatch] - -------------------------------------------------------------------------------------
[ECMWF-INFO -sbatch] -  This is the ECMWF jobfilter
[ECMWF-INFO -sbatch] -  +++ Please report issues using the Support portal +++
[ECMWF-INFO -sbatch] -  +++ https://support.ecmwf.int                     +++
[ECMWF-INFO -sbatch] -  /usr/local/bin/ecsbatch: size: 53801, mtime: Tue Nov 25 12:31:30 2025
[ECMWF-INFO -sbatch] - -------------------------------------------------------------------------------------
[ECMWF-INFO -sbatch] - Time at submit: Thu Dec 18 11:51:51 2025 (1766058711.516364) on ac6-198.bullx:/lus/h2resw01/hpcperm/nld4584/Anemoi_S2S_experiment/slurm_scripts
[ECMWF-INFO -sbatch] - --- SLURM VARIABLES ---
[ECMWF-INFO -sbatch] - EC_CLUSTER=ac
[ECMWF-INFO -sbatch] - SLURM_EXPORT_ENV=ALL
[ECMWF-INFO -sbatch] - SLURM_JOB_ID=30976203
[ECMWF-INFO -sbatch] - SBATCH_EXPORT=NONE
[ECMWF-INFO -sbatch] - -----------------------
[ECMWF-INFO -sbatch] - jobscript: /lus/h2resw01/hpcperm/nld4584/Anemoi_S2S_experiment/slurm_scripts/compute_vars.sh
[ECMWF-INFO -sbatch] - --- SCRIPT OPTIONS ---
[ECMWF-INFO -sbatch] - #SBATCH --job-name=compute_vars
[ECMWF-INFO -sbatch] - #SBATCH --output=./slurm_scripts/output_slurm/compute_vars-%J.out
[ECMWF-INFO -sbatch] - #SBATCH --error=./slurm_scripts/output_slurm/compute_vars-%J.out
[ECMWF-INFO -sbatch] - #SBATCH --chdir=/ec/res4/hpcperm/nld4584/Anemoi_S2S_experiment
[ECMWF-INFO -sbatch] - #SBATCH --qos=np
[ECMWF-INFO -sbatch] - #SBATCH --time=01:00:00
[ECMWF-INFO -sbatch] - #SBATCH --mem=160G
[ECMWF-INFO -sbatch] - #SBATCH --ntasks=1
[ECMWF-INFO -sbatch] - #SBATCH --cpus-per-task=4
[ECMWF-INFO -sbatch] - -----------------------
[ECMWF-INFO -sbatch] - --- POST-PROCESSED OPTIONS ---
[ECMWF-INFO -sbatch] - ARG --positional=['compute_vars.sh']
[ECMWF-INFO -sbatch] - ARG --cpus_per_task=4
[ECMWF-INFO -sbatch] - ARG --chdir=/ec/res4/hpcperm/nld4584/Anemoi_S2S_experiment
[ECMWF-INFO -sbatch] - ARG --error=./slurm_scripts/output_slurm/compute_vars-%J.out
[ECMWF-INFO -sbatch] - ARG --job_name=compute_vars
[ECMWF-INFO -sbatch] - ARG --ntasks=1
[ECMWF-INFO -sbatch] - ARG --output=./slurm_scripts/output_slurm/compute_vars-%J.out
[ECMWF-INFO -sbatch] - ARG --qos=np
[ECMWF-INFO -sbatch] - ARG --time=01:00:00
[ECMWF-INFO -sbatch] - ARG --mem=160G
[ECMWF-INFO -sbatch] - ------------------------------
[ECMWF-INFO -sbatch] - jobtag: nld4584-compute_vars-1x256-/lus/h2resw01/hpcperm/nld4584/Anemoi_S2S_experiment/slurm_scripts/./slurm_scripts/output_slurm/compute_vars-_.out
[ECMWF-INFO -sbatch] - ['/usr/bin/sbatch', '--cpus-per-task=4', '--chdir=/ec/res4/hpcperm/nld4584/Anemoi_S2S_experiment', '--error=./slurm_scripts/output_slurm/compute_vars-%J.out', '--job-name=compute_vars', '--ntasks=1', '--output=./slurm_scripts/output_slurm/compute_vars-%J.out', '--qos=np', '--time=01:00:00', '--mem=160G', '--licenses=h2resw01', '--export=EC_user_time_limit=01:00:00', '/lus/h2resw01/hpcperm/nld4584/Anemoi_S2S_experiment/slurm_scripts/compute_vars.sh']
[ECMWF-INFO -sbatch] - sbatch executed on ac
[ECMWF-INFO -sbatch] - Job queued on ac using method local
[ECMWF-INFO -sbatch] - Submitted batch job 31001120
[ECMWF-INFO -ecprofile] /usr/bin/bash NON_INTERACTIVE on ac1-2026 at 20251218_115158.236, PID: 1079977, JOBID: 31001120
[ECMWF-INFO -ecprofile] $SCRATCH=/ec/res4/scratch/nld4584
[ECMWF-INFO -ecprofile] $PERM=/perm/nld4584
[ECMWF-INFO -ecprofile] $HPCPERM=/ec/res4/hpcperm/nld4584
[ECMWF-INFO -ecprofile] $TMPDIR=/dev/shm/_tmpdir_.nld4584.31001120
[ECMWF-INFO -ecprofile] $SCRATCHDIR=/ec/res4/scratchdir/nld4584/0/31001120
/lus/h2resw01/hpcperm/nld4584/Anemoi_S2S_experiment/./python_scripts/utils/compute_var.py:15: RuntimeWarning: Failed to open Zarr store with consolidated metadata, but successfully read with non-consolidated metadata. This is typically much slower for opening a dataset. To silence this warning, consider:
1. Consolidating metadata in this existing store with zarr.consolidate_metadata().
2. Explicitly setting consolidated=False, to avoid trying to read consolidate metadata, or
3. Explicitly setting consolidated=True, to raise an error in this case instead of falling back to try reading non-consolidated metadata.
  ds_dataset = xr.open_zarr(dataset_path)
Variance of r over the whole dataset:  39.05788040161133
Variance of rh over the whole dataset:  272.0513610839844
[ECMWF-INFO -ecepilog] ----------------------------------------------------------------------------------------------------
[ECMWF-INFO -ecepilog] This is the ECMWF job Epilogue
[ECMWF-INFO -ecepilog] +++ Please report issues using the Support portal +++
[ECMWF-INFO -ecepilog] +++ https://support.ecmwf.int                     +++
[ECMWF-INFO -ecepilog] ----------------------------------------------------------------------------------------------------
[ECMWF-INFO -ecepilog] Run at 2025-12-18T12:08:12 on ac
[ECMWF-INFO -ecepilog] JobName                   : compute_vars
[ECMWF-INFO -ecepilog] JobID                     : 31001120
[ECMWF-INFO -ecepilog] Submit                    : 2025-12-18T11:51:51
[ECMWF-INFO -ecepilog] Start                     : 2025-12-18T11:51:53
[ECMWF-INFO -ecepilog] End                       : 2025-12-18T12:08:12
[ECMWF-INFO -ecepilog] QueuedTime                : 2.0
[ECMWF-INFO -ecepilog] ElapsedRaw                : 979
[ECMWF-INFO -ecepilog] ExitCode                  : 0:0
[ECMWF-INFO -ecepilog] DerivedExitCode           : 0:0
[ECMWF-INFO -ecepilog] State                     : COMPLETED
[ECMWF-INFO -ecepilog] Account                   : nlcko
[ECMWF-INFO -ecepilog] QOS                       : np
[ECMWF-INFO -ecepilog] User                      : nld4584
[ECMWF-INFO -ecepilog] StdOut                    : /ec/res4/hpcperm/nld4584/Anemoi_S2S_experiment/./slurm_scripts/output_slurm/compute_vars-31001120.out
[ECMWF-INFO -ecepilog] StdErr                    : /ec/res4/hpcperm/nld4584/Anemoi_S2S_experiment/./slurm_scripts/output_slurm/compute_vars-31001120.out
[ECMWF-INFO -ecepilog] NNodes                    : 1
[ECMWF-INFO -ecepilog] NCPUS                     : 256
[ECMWF-INFO -ecepilog] SBU                       : 593.967
[ECMWF-INFO -ecepilog] jobtag                    : nld4584-compute_vars-1x256-/ec/res4/hpcperm/nld4584/Anemoi_S2S_experiment/./slurm_scripts/output_slurm/compute_vars-_JOBID_.out
[ECMWF-INFO -ecepilog] ----------------------------------------------------------------------------------------------------

