[ECMWF-INFO -ecepilog] ----------------------------------------------------------------------------------------------------
[ECMWF-INFO -ecepilog] This is the ECMWF job Epilogue
[ECMWF-INFO -ecepilog] +++ Please report issues using the Support portal +++
[ECMWF-INFO -ecepilog] +++ https://support.ecmwf.int                     +++
[ECMWF-INFO -ecepilog] ----------------------------------------------------------------------------------------------------
[ECMWF-INFO -ecepilog] Run at 2026-01-13T14:59:20 on ac
[ECMWF-INFO -ecepilog] JobName                   : finetuning_10k_PINNLoss
[ECMWF-INFO -ecepilog] JobID                     : 33192942
[ECMWF-INFO -ecepilog] Submit                    : 2026-01-13T11:07:27
[ECMWF-INFO -ecepilog] Start                     : 2026-01-13T11:07:47
[ECMWF-INFO -ecepilog] End                       : 2026-01-13T14:59:20
[ECMWF-INFO -ecepilog] QueuedTime                : 20.0
[ECMWF-INFO -ecepilog] ElapsedRaw                : 13893
[ECMWF-INFO -ecepilog] ExitCode                  : 0:0
[ECMWF-INFO -ecepilog] DerivedExitCode           : 0:0
[ECMWF-INFO -ecepilog] State                     : COMPLETED
[ECMWF-INFO -ecepilog] Account                   : nlcko
[ECMWF-INFO -ecepilog] QOS                       : ng
[ECMWF-INFO -ecepilog] User                      : nld4584
[ECMWF-INFO -ecepilog] StdOut                    : /ec/res4/hpcperm/nld4584/Anemoi_S2S_experiment/./slurm_scripts/output_slurm/finetuning_10k_PINNLoss-33192942.out
[ECMWF-INFO -ecepilog] StdErr                    : /ec/res4/hpcperm/nld4584/Anemoi_S2S_experiment/./slurm_scripts/output_slurm/finetuning_10k_PINNLoss-33192942.out
[ECMWF-INFO -ecepilog] NNodes                    : 1
[ECMWF-INFO -ecepilog] NCPUS                     : 128
[ECMWF-INFO -ecepilog] SBU                       : 4214.499
[ECMWF-INFO -ecepilog] jobtag                    : nld4584-finetuning_k_PINNLoss-1x128-/ec/res4/hpcperm/nld4584/Anemoi_S2S_experiment/./slurm_scripts/output_slurm/finetuning_10k_PINNLoss-_JOBID_.out
[ECMWF-INFO -ecepilog] ----------------------------------------------------------------------------------------------------

