[2025-12-09 13:17:23,432][anemoi.training.train.train][INFO] - Skipping config validation.
[2025-12-09 13:17:23,433][anemoi.training.train.train][INFO] - Starting from checkpoint: False
[2025-12-09 13:17:23,433][anemoi.training.diagnostics.logger][INFO] - AnemoiMLFlow logging to https://dummy_uri/health
[2025-12-09 13:17:23,434][anemoi.training.diagnostics.logger][INFO] - Maximum number of params allowed to be logged is: 2000
[2025-12-09 13:17:23,436][anemoi.utils.config][INFO] - Using environment variable ANEMOI_CONFIG_PATH to override the anemoi config key 'path.'
[2025-12-09 13:17:23,458][anemoi.training.diagnostics.mlflow.logger][INFO] - MLflow token authentication disabled for https://dummy_uri/health
[2025-12-09 13:17:23,727][multiurl.http][WARNING] - Recovering from connection error [HTTPSConnectionPool(host='dummy_uri', port=443): Max retries exceeded with url: /health/health (Caused by NameResolutionError("<urllib3.connection.HTTPSConnection object at 0x14b9901c6150>: Failed to resolve 'dummy_uri' ([Errno -2] Name or service not known)"))], attempt 1 of 10
[2025-12-09 13:17:23,728][multiurl.http][WARNING] - Retrying in 30 seconds
[2025-12-09 13:17:53,728][multiurl.http][INFO] - Retrying now...
[2025-12-09 13:17:53,732][multiurl.http][WARNING] - Recovering from connection error [HTTPSConnectionPool(host='dummy_uri', port=443): Max retries exceeded with url: /health/health (Caused by NameResolutionError("<urllib3.connection.HTTPSConnection object at 0x14b9901c7e90>: Failed to resolve 'dummy_uri' ([Errno -2] Name or service not known)"))], attempt 2 of 10
[2025-12-09 13:17:53,732][multiurl.http][WARNING] - Retrying in 30 seconds
[2025-12-09 13:18:23,733][multiurl.http][INFO] - Retrying now...
[2025-12-09 13:18:23,738][multiurl.http][WARNING] - Recovering from connection error [HTTPSConnectionPool(host='dummy_uri', port=443): Max retries exceeded with url: /health/health (Caused by NameResolutionError("<urllib3.connection.HTTPSConnection object at 0x14b9901d9b90>: Failed to resolve 'dummy_uri' ([Errno -2] Name or service not known)"))], attempt 3 of 10
[2025-12-09 13:18:23,738][multiurl.http][WARNING] - Retrying in 30 seconds
[2025-12-09 13:18:53,738][multiurl.http][INFO] - Retrying now...
[2025-12-09 13:18:53,742][multiurl.http][WARNING] - Recovering from connection error [HTTPSConnectionPool(host='dummy_uri', port=443): Max retries exceeded with url: /health/health (Caused by NameResolutionError("<urllib3.connection.HTTPSConnection object at 0x14b9901db6d0>: Failed to resolve 'dummy_uri' ([Errno -2] Name or service not known)"))], attempt 4 of 10
[2025-12-09 13:18:53,742][multiurl.http][WARNING] - Retrying in 30 seconds
[2025-12-09 13:19:23,743][multiurl.http][INFO] - Retrying now...
[2025-12-09 13:19:23,747][multiurl.http][WARNING] - Recovering from connection error [HTTPSConnectionPool(host='dummy_uri', port=443): Max retries exceeded with url: /health/health (Caused by NameResolutionError("<urllib3.connection.HTTPSConnection object at 0x14b9901e5250>: Failed to resolve 'dummy_uri' ([Errno -2] Name or service not known)"))], attempt 5 of 10
[2025-12-09 13:19:23,747][multiurl.http][WARNING] - Retrying in 30 seconds
[2025-12-09 13:19:53,747][multiurl.http][INFO] - Retrying now...
[2025-12-09 13:19:53,753][multiurl.http][WARNING] - Recovering from connection error [HTTPSConnectionPool(host='dummy_uri', port=443): Max retries exceeded with url: /health/health (Caused by NameResolutionError("<urllib3.connection.HTTPSConnection object at 0x14b9901daa90>: Failed to resolve 'dummy_uri' ([Errno -2] Name or service not known)"))], attempt 6 of 10
[2025-12-09 13:19:53,753][multiurl.http][WARNING] - Retrying in 30 seconds
[2025-12-09 13:20:23,753][multiurl.http][INFO] - Retrying now...
[2025-12-09 13:20:23,758][multiurl.http][WARNING] - Recovering from connection error [HTTPSConnectionPool(host='dummy_uri', port=443): Max retries exceeded with url: /health/health (Caused by NameResolutionError("<urllib3.connection.HTTPSConnection object at 0x14b9901da590>: Failed to resolve 'dummy_uri' ([Errno -2] Name or service not known)"))], attempt 7 of 10
[2025-12-09 13:20:23,758][multiurl.http][WARNING] - Retrying in 30 seconds
[2025-12-09 13:20:53,758][multiurl.http][INFO] - Retrying now...
[2025-12-09 13:20:53,763][multiurl.http][WARNING] - Recovering from connection error [HTTPSConnectionPool(host='dummy_uri', port=443): Max retries exceeded with url: /health/health (Caused by NameResolutionError("<urllib3.connection.HTTPSConnection object at 0x14b9901d8c90>: Failed to resolve 'dummy_uri' ([Errno -2] Name or service not known)"))], attempt 8 of 10
[2025-12-09 13:20:53,763][multiurl.http][WARNING] - Retrying in 30 seconds
[2025-12-09 13:21:23,763][multiurl.http][INFO] - Retrying now...
[2025-12-09 13:21:23,767][multiurl.http][WARNING] - Recovering from connection error [HTTPSConnectionPool(host='dummy_uri', port=443): Max retries exceeded with url: /health/health (Caused by NameResolutionError("<urllib3.connection.HTTPSConnection object at 0x14b9901c7f90>: Failed to resolve 'dummy_uri' ([Errno -2] Name or service not known)"))], attempt 9 of 10
[2025-12-09 13:21:23,767][multiurl.http][WARNING] - Retrying in 30 seconds
[2025-12-09 13:21:53,767][multiurl.http][INFO] - Retrying now...
