[2025-12-10 14:44:02,058][anemoi.training.train.train][INFO] - Skipping config validation.
[2025-12-10 14:44:02,059][anemoi.training.train.train][INFO] - Starting from checkpoint: False
[2025-12-10 14:44:02,059][anemoi.training.train.train][INFO] - Run id: fdc4cf41-3ee2-43d0-946c-b63fbb17cb9c
[2025-12-10 14:44:02,060][anemoi.training.train.train][INFO] - Checkpoints path: output_training/checkpoint/fdc4cf41-3ee2-43d0-946c-b63fbb17cb9c
[2025-12-10 14:44:02,060][anemoi.training.train.train][INFO] - Plots path: output_training/plots/fdc4cf41-3ee2-43d0-946c-b63fbb17cb9c
[2025-12-10 14:45:21,350][anemoi.graphs.nodes.builders.from_file][INFO] - Reading the dataset from /home/mlx/ai-ml/datasets//aifs-ea-an-oper-0001-mars-o96-1979-2023-6h-v8.zarr.
[2025-12-10 14:45:29,382][anemoi.utils.config][INFO] - Using environment variable ANEMOI_CONFIG_PATH to override the anemoi config key 'path.'
[2025-12-10 14:45:44,460][anemoi.graphs.edges.builders.cutoff][INFO] - Using CutOff-Edges (with radius = 144.6 km) between data and hidden.
[2025-12-10 14:45:46,433][anemoi.graphs.edges.builders.base][WARNING] - The 'torch-cluster' library is not installed. Installing 'torch-cluster' can significantly improve performance for graph creation. You can install it using 'pip install torch-cluster'.
[2025-12-10 14:45:58,046][anemoi.graphs.edges.builders.knn][INFO] - Using KNN-Edges (with 3 nearest neighbours) between hidden and data.
[2025-12-10 14:45:58,046][anemoi.graphs.edges.builders.base][WARNING] - The 'torch-cluster' library is not installed. Installing 'torch-cluster' can significantly improve performance for graph creation. You can install it using 'pip install torch-cluster'.
[2025-12-10 14:45:58,115][anemoi.graphs.create][INFO] - Cleaning graph.
[2025-12-10 14:45:58,115][anemoi.graphs.create][INFO] - _grid_reference_distance deleted from graph.
[2025-12-10 14:45:58,115][anemoi.graphs.create][INFO] - _dataset deleted from graph.
[2025-12-10 14:45:58,115][anemoi.graphs.create][INFO] - _grid_reference_distance deleted from graph.
[2025-12-10 14:45:58,484][anemoi.graphs.create][INFO] - Graph saved at graphs/graph.pkl.
[2025-12-10 14:45:59,725][anemoi.training.data.datamodule.singledatamodule][WARNING] - Falling back rollout to: 1
[2025-12-10 14:45:59,725][anemoi.training.data.datamodule.singledatamodule][INFO] - Timeincrement set to 1 for data with frequency, 21600, and timestep, 21600
[2025-12-10 14:45:59,728][anemoi.training.train.train][INFO] - Number of data variables: 101
[2025-12-10 14:45:59,728][anemoi.training.train.train][INFO] - Training limits: max_epochs=2, max_steps=300. Training will stop when either limit is reached first. Learning rate scheduler will run for 300000 steps.
[2025-12-10 14:47:30,194][anemoi.training.diagnostics.callbacks.plot][INFO] - Setting up asynchronous plotting ...
[2025-12-10 14:47:30,196][anemoi.training.diagnostics.callbacks.plot][INFO] - Setting up asynchronous plotting ...
[2025-12-10 14:47:30,236][anemoi.training.diagnostics.callbacks.plot][INFO] - Setting up asynchronous plotting ...
[2025-12-10 14:47:30,236][anemoi.training.diagnostics.callbacks.plot][INFO] - Using defined accumulation colormap for fields: ['tp', 'cp']
[2025-12-10 14:47:30,238][anemoi.training.diagnostics.callbacks.plot][INFO] - Setting up asynchronous plotting ...
[2025-12-10 14:47:30,239][anemoi.training.diagnostics.callbacks.plot][INFO] - Setting up asynchronous plotting ...
[2025-12-10 14:47:30,240][anemoi.training.diagnostics.callbacks.plot][INFO] - Using precip histogram plotting method for fields: ['tp', 'cp'].
[2025-12-10 14:49:02,584][anemoi.models.preprocessing.normalizer][INFO] - Normalizing: cos_julian_day is not normalized.
[2025-12-10 14:49:02,587][anemoi.models.preprocessing.normalizer][INFO] - Normalizing: cos_latitude is not normalized.
[2025-12-10 14:49:02,587][anemoi.models.preprocessing.normalizer][INFO] - Normalizing: cos_local_time is not normalized.
[2025-12-10 14:49:02,587][anemoi.models.preprocessing.normalizer][INFO] - Normalizing: cos_longitude is not normalized.
[2025-12-10 14:49:02,587][anemoi.models.preprocessing.normalizer][INFO] - Normalizing: insolation is not normalized.
[2025-12-10 14:49:02,587][anemoi.models.preprocessing.normalizer][INFO] - Normalizing: lsm is not normalized.
[2025-12-10 14:49:02,587][anemoi.models.preprocessing.normalizer][INFO] - Normalizing: sin_julian_day is not normalized.
[2025-12-10 14:49:02,587][anemoi.models.preprocessing.normalizer][INFO] - Normalizing: sin_latitude is not normalized.
[2025-12-10 14:49:02,587][anemoi.models.preprocessing.normalizer][INFO] - Normalizing: sin_local_time is not normalized.
[2025-12-10 14:49:02,587][anemoi.models.preprocessing.normalizer][INFO] - Normalizing: sin_longitude is not normalized.
[2025-12-10 14:49:03,199][anemoi.models.layers.utils][INFO] - Linear kernel: torch.nn.Linear.
[2025-12-10 14:49:03,200][anemoi.models.layers.utils][INFO] - LayerNorm kernel: torch.nn.LayerNorm.
[2025-12-10 14:49:03,201][anemoi.models.layers.utils][INFO] - Activation kernel: torch.nn.GELU.
[2025-12-10 14:49:03,452][anemoi.models.layers.utils][INFO] - QueryNorm kernel: anemoi.models.layers.normalization.AutocastLayerNorm.
[2025-12-10 14:49:03,453][anemoi.models.layers.utils][INFO] - KeyNorm kernel: anemoi.models.layers.normalization.AutocastLayerNorm.
[2025-12-10 14:49:03,843][anemoi.models.layers.utils][INFO] - Linear kernel: torch.nn.Linear.
[2025-12-10 14:49:03,843][anemoi.models.layers.utils][INFO] - LayerNorm kernel: torch.nn.LayerNorm.
[2025-12-10 14:49:03,844][anemoi.models.layers.utils][INFO] - Activation kernel: torch.nn.GELU.
[2025-12-10 14:49:03,845][anemoi.models.layers.utils][INFO] - QueryNorm kernel: anemoi.models.layers.normalization.AutocastLayerNorm.
[2025-12-10 14:49:03,845][anemoi.models.layers.utils][INFO] - KeyNorm kernel: anemoi.models.layers.normalization.AutocastLayerNorm.
[2025-12-10 14:49:03,845][anemoi.models.layers.attention][INFO] - Using flash_attention
[2025-12-10 14:49:05,152][anemoi.models.layers.attention][INFO] - Using flash_attention
[2025-12-10 14:49:05,220][anemoi.models.layers.attention][INFO] - Using flash_attention
[2025-12-10 14:49:05,288][anemoi.models.layers.attention][INFO] - Using flash_attention
[2025-12-10 14:49:05,356][anemoi.models.layers.attention][INFO] - Using flash_attention
[2025-12-10 14:49:05,423][anemoi.models.layers.attention][INFO] - Using flash_attention
[2025-12-10 14:49:05,490][anemoi.models.layers.attention][INFO] - Using flash_attention
[2025-12-10 14:49:05,558][anemoi.models.layers.attention][INFO] - Using flash_attention
[2025-12-10 14:49:05,625][anemoi.models.layers.attention][INFO] - Using flash_attention
[2025-12-10 14:49:05,692][anemoi.models.layers.attention][INFO] - Using flash_attention
[2025-12-10 14:49:05,759][anemoi.models.layers.attention][INFO] - Using flash_attention
[2025-12-10 14:49:05,826][anemoi.models.layers.attention][INFO] - Using flash_attention
[2025-12-10 14:49:05,893][anemoi.models.layers.attention][INFO] - Using flash_attention
[2025-12-10 14:49:05,961][anemoi.models.layers.attention][INFO] - Using flash_attention
[2025-12-10 14:49:06,028][anemoi.models.layers.attention][INFO] - Using flash_attention
[2025-12-10 14:49:06,095][anemoi.models.layers.attention][INFO] - Using flash_attention
[2025-12-10 14:49:06,167][anemoi.models.layers.utils][INFO] - Linear kernel: torch.nn.Linear.
[2025-12-10 14:49:06,168][anemoi.models.layers.utils][INFO] - LayerNorm kernel: torch.nn.LayerNorm.
[2025-12-10 14:49:06,169][anemoi.models.layers.utils][INFO] - Activation kernel: torch.nn.GELU.
[2025-12-10 14:49:06,169][anemoi.models.layers.utils][INFO] - QueryNorm kernel: anemoi.models.layers.normalization.AutocastLayerNorm.
[2025-12-10 14:49:06,170][anemoi.models.layers.utils][INFO] - KeyNorm kernel: anemoi.models.layers.normalization.AutocastLayerNorm.
[2025-12-10 14:49:06,578][anemoi.training.losses.scalers.variable_level][INFO] - Variable Level Scaling: Applying ReluVariableLevelScaler scaling to pl variables ({'param': ['q', 't', 'u', 'v', 'w', 'z']})
[2025-12-10 14:49:06,578][anemoi.training.losses.scalers.variable_level][INFO] - with slope = 0.001 and y-intercept/minimum = 0.2.
[2025-12-10 14:49:06,997][anemoi.training.train.train][INFO] - The following submodules will NOT be trained: []
[2025-12-10 14:50:23,366][anemoi.training.data.datamodule.singledatamodule][WARNING] - Falling back rollout to: 1
[2025-12-10 14:50:23,836][anemoi.models.data_indices.collection][INFO] - The order of the variables in the model matches the order in the data.
[2025-12-10 14:50:23,893][anemoi.training.data.dataset.singledataset][INFO] - Worker 5 (pid 3426020, global_rank 0, model comm group 0)  has low/high range 910 / 1092
[2025-12-10 14:50:23,893][anemoi.training.data.dataset.singledataset][INFO] - Worker 4 (pid 3426016, global_rank 0, model comm group 0)  has low/high range 728 / 910
[2025-12-10 14:50:23,894][anemoi.training.data.dataset.singledataset][INFO] - Worker 1 (pid 3426009, global_rank 0, model comm group 0)  has low/high range 182 / 364
[2025-12-10 14:50:23,894][anemoi.training.data.dataset.singledataset][INFO] - Worker 3 (pid 3426014, global_rank 0, model comm group 0)  has low/high range 546 / 728
[2025-12-10 14:50:23,896][anemoi.training.data.dataset.singledataset][INFO] - Worker 0 (pid 3426008, global_rank 0, model comm group 0)  has low/high range 0 / 182
[2025-12-10 14:50:23,896][anemoi.training.data.dataset.singledataset][INFO] - Worker 7 (pid 3426026, global_rank 0, model comm group 0)  has low/high range 1274 / 1456
[2025-12-10 14:50:23,897][anemoi.training.data.dataset.singledataset][INFO] - Worker 6 (pid 3426024, global_rank 0, model comm group 0)  has low/high range 1092 / 1274
[2025-12-10 14:50:23,898][anemoi.training.data.dataset.singledataset][INFO] - Worker 2 (pid 3426012, global_rank 0, model comm group 0)  has low/high range 364 / 546
[2025-12-10 14:50:24,012][anemoi.training.data.dataset.singledataset][INFO] - Worker 2 (validation, pid 3426012, glob. rank 0, model comm group 0, group_rank 0, seed group id 0, base_seed 36910671, sanity rnd 0.008874)
[2025-12-10 14:50:24,012][anemoi.training.data.dataset.singledataset][INFO] - Worker 3 (validation, pid 3426014, glob. rank 0, model comm group 0, group_rank 0, seed group id 0, base_seed 36910671, sanity rnd 0.008874)
[2025-12-10 14:50:24,013][anemoi.training.data.dataset.singledataset][INFO] - Worker 6 (validation, pid 3426024, glob. rank 0, model comm group 0, group_rank 0, seed group id 0, base_seed 36910671, sanity rnd 0.008874)
[2025-12-10 14:50:24,013][anemoi.training.data.dataset.singledataset][INFO] - Worker 5 (validation, pid 3426020, glob. rank 0, model comm group 0, group_rank 0, seed group id 0, base_seed 36910671, sanity rnd 0.008874)
[2025-12-10 14:50:24,014][anemoi.training.data.dataset.singledataset][INFO] - Worker 7 (validation, pid 3426026, glob. rank 0, model comm group 0, group_rank 0, seed group id 0, base_seed 36910671, sanity rnd 0.008874)
[2025-12-10 14:50:24,014][anemoi.training.data.dataset.singledataset][INFO] - Worker 0 (validation, pid 3426008, glob. rank 0, model comm group 0, group_rank 0, seed group id 0, base_seed 36910671, sanity rnd 0.008874)
[2025-12-10 14:50:24,015][anemoi.training.data.dataset.singledataset][INFO] - Worker 1 (validation, pid 3426009, glob. rank 0, model comm group 0, group_rank 0, seed group id 0, base_seed 36910671, sanity rnd 0.008874)
[2025-12-10 14:50:24,016][anemoi.training.data.dataset.singledataset][INFO] - Worker 4 (validation, pid 3426016, glob. rank 0, model comm group 0, group_rank 0, seed group id 0, base_seed 36910671, sanity rnd 0.008874)
[2025-12-10 14:50:45,764][anemoi.training.data.dataset.singledataset][INFO] - Worker 0 (pid 3426174, global_rank 0, model comm group 0)  has low/high range 0 / 7670
[2025-12-10 14:50:45,772][anemoi.training.data.dataset.singledataset][INFO] - Worker 1 (pid 3426176, global_rank 0, model comm group 0)  has low/high range 7670 / 15340
[2025-12-10 14:50:45,775][anemoi.training.data.dataset.singledataset][INFO] - Worker 0 (train, pid 3426174, glob. rank 0, model comm group 0, group_rank 0, seed group id 0, base_seed 36910671, sanity rnd 0.008874)
[2025-12-10 14:50:45,776][anemoi.training.data.dataset.singledataset][INFO] - Worker 1 (train, pid 3426176, glob. rank 0, model comm group 0, group_rank 0, seed group id 0, base_seed 36910671, sanity rnd 0.008874)
[2025-12-10 14:50:45,933][anemoi.training.data.dataset.singledataset][INFO] - Worker 2 (pid 3426188, global_rank 0, model comm group 0)  has low/high range 15340 / 23010
[2025-12-10 14:50:45,936][anemoi.training.data.dataset.singledataset][INFO] - Worker 2 (train, pid 3426188, glob. rank 0, model comm group 0, group_rank 0, seed group id 0, base_seed 36910671, sanity rnd 0.008874)
[2025-12-10 14:50:46,051][anemoi.training.data.dataset.singledataset][INFO] - Worker 3 (pid 3426190, global_rank 0, model comm group 0)  has low/high range 23010 / 30680
[2025-12-10 14:50:46,054][anemoi.training.data.dataset.singledataset][INFO] - Worker 3 (train, pid 3426190, glob. rank 0, model comm group 0, group_rank 0, seed group id 0, base_seed 36910671, sanity rnd 0.008874)
[2025-12-10 14:50:46,131][anemoi.training.data.dataset.singledataset][INFO] - Worker 4 (pid 3426192, global_rank 0, model comm group 0)  has low/high range 30680 / 38350
[2025-12-10 14:50:46,134][anemoi.training.data.dataset.singledataset][INFO] - Worker 4 (train, pid 3426192, glob. rank 0, model comm group 0, group_rank 0, seed group id 0, base_seed 36910671, sanity rnd 0.008874)
[2025-12-10 14:50:46,199][anemoi.training.data.dataset.singledataset][INFO] - Worker 5 (pid 3426200, global_rank 0, model comm group 0)  has low/high range 38350 / 46020
[2025-12-10 14:50:46,202][anemoi.training.data.dataset.singledataset][INFO] - Worker 5 (train, pid 3426200, glob. rank 0, model comm group 0, group_rank 0, seed group id 0, base_seed 36910671, sanity rnd 0.008874)
[2025-12-10 14:50:46,292][anemoi.training.data.dataset.singledataset][INFO] - Worker 7 (pid 3426204, global_rank 0, model comm group 0)  has low/high range 53690 / 61360
[2025-12-10 14:50:46,294][anemoi.training.data.dataset.singledataset][INFO] - Worker 7 (train, pid 3426204, glob. rank 0, model comm group 0, group_rank 0, seed group id 0, base_seed 36910671, sanity rnd 0.008874)
[2025-12-10 14:50:46,301][anemoi.training.data.dataset.singledataset][INFO] - Worker 6 (pid 3426202, global_rank 0, model comm group 0)  has low/high range 46020 / 53690
[2025-12-10 14:50:46,304][anemoi.training.data.dataset.singledataset][INFO] - Worker 6 (train, pid 3426202, glob. rank 0, model comm group 0, group_rank 0, seed group id 0, base_seed 36910671, sanity rnd 0.008874)
[2025-12-10 14:50:49,124][anemoi.models.data_indices.collection][INFO] - The order of the variables in the model matches the order in the data.
[2025-12-10 14:54:10,141][anemoi.utils.checkpoints][INFO] - Adding extra information to checkpoint /lus/h2resw01/hpcperm/nld4584/Anemoi_S2S_experiment/output_training/checkpoint/fdc4cf41-3ee2-43d0-946c-b63fbb17cb9c/inference-anemoi-by_time-epoch_000-step_000300.ckpt
[2025-12-10 14:54:10,142][anemoi.utils.checkpoints][INFO] - Saving metadata to inference-anemoi-by_time-epoch_000-step_000300/anemoi-metadata/ai-models.json
[2025-12-10 14:54:10,144][anemoi.utils.checkpoints][INFO] - Saving supporting array `latitudes` to inference-anemoi-by_time-epoch_000-step_000300/anemoi-metadata/latitudes.numpy (shape=(40320,), dtype=float64)
[2025-12-10 14:54:10,145][anemoi.utils.checkpoints][INFO] - Saving supporting array `longitudes` to inference-anemoi-by_time-epoch_000-step_000300/anemoi-metadata/longitudes.numpy (shape=(40320,), dtype=float64)
[2025-12-10 14:54:22,681][anemoi.utils.checkpoints][INFO] - Adding extra information to checkpoint /lus/h2resw01/hpcperm/nld4584/Anemoi_S2S_experiment/output_training/checkpoint/fdc4cf41-3ee2-43d0-946c-b63fbb17cb9c/anemoi-by_time-epoch_000-step_000300.ckpt
[2025-12-10 14:54:22,682][anemoi.utils.checkpoints][INFO] - Saving metadata to archive/anemoi-metadata/ai-models.json
[2025-12-10 14:54:22,683][anemoi.utils.checkpoints][INFO] - Saving supporting array `latitudes` to archive/anemoi-metadata/latitudes.numpy (shape=(40320,), dtype=float64)
[2025-12-10 14:54:22,684][anemoi.utils.checkpoints][INFO] - Saving supporting array `longitudes` to archive/anemoi-metadata/longitudes.numpy (shape=(40320,), dtype=float64)
[2025-12-10 14:54:24,625][anemoi.utils.checkpoints][INFO] - Adding extra information to checkpoint /lus/h2resw01/hpcperm/nld4584/Anemoi_S2S_experiment/output_training/checkpoint/fdc4cf41-3ee2-43d0-946c-b63fbb17cb9c/inference-last.ckpt
[2025-12-10 14:54:24,625][anemoi.utils.checkpoints][INFO] - Saving metadata to inference-last/anemoi-metadata/ai-models.json
[2025-12-10 14:54:24,627][anemoi.utils.checkpoints][INFO] - Saving supporting array `latitudes` to inference-last/anemoi-metadata/latitudes.numpy (shape=(40320,), dtype=float64)
[2025-12-10 14:54:24,628][anemoi.utils.checkpoints][INFO] - Saving supporting array `longitudes` to inference-last/anemoi-metadata/longitudes.numpy (shape=(40320,), dtype=float64)
[2025-12-10 14:54:35,388][anemoi.utils.checkpoints][INFO] - Adding extra information to checkpoint /lus/h2resw01/hpcperm/nld4584/Anemoi_S2S_experiment/output_training/checkpoint/fdc4cf41-3ee2-43d0-946c-b63fbb17cb9c/last.ckpt
[2025-12-10 14:54:35,389][anemoi.utils.checkpoints][INFO] - Saving metadata to archive/anemoi-metadata/ai-models.json
[2025-12-10 14:54:35,390][anemoi.utils.checkpoints][INFO] - Saving supporting array `latitudes` to archive/anemoi-metadata/latitudes.numpy (shape=(40320,), dtype=float64)
[2025-12-10 14:54:35,391][anemoi.utils.checkpoints][INFO] - Saving supporting array `longitudes` to archive/anemoi-metadata/longitudes.numpy (shape=(40320,), dtype=float64)
[2025-12-10 14:54:37,252][anemoi.utils.checkpoints][INFO] - Adding extra information to checkpoint /lus/h2resw01/hpcperm/nld4584/Anemoi_S2S_experiment/output_training/checkpoint/fdc4cf41-3ee2-43d0-946c-b63fbb17cb9c/inference-anemoi-by_epoch-epoch_000-step_000300.ckpt
[2025-12-10 14:54:37,253][anemoi.utils.checkpoints][INFO] - Saving metadata to inference-anemoi-by_epoch-epoch_000-step_000300/anemoi-metadata/ai-models.json
[2025-12-10 14:54:37,255][anemoi.utils.checkpoints][INFO] - Saving supporting array `latitudes` to inference-anemoi-by_epoch-epoch_000-step_000300/anemoi-metadata/latitudes.numpy (shape=(40320,), dtype=float64)
[2025-12-10 14:54:37,255][anemoi.utils.checkpoints][INFO] - Saving supporting array `longitudes` to inference-anemoi-by_epoch-epoch_000-step_000300/anemoi-metadata/longitudes.numpy (shape=(40320,), dtype=float64)
[2025-12-10 14:54:47,862][anemoi.utils.checkpoints][INFO] - Adding extra information to checkpoint /lus/h2resw01/hpcperm/nld4584/Anemoi_S2S_experiment/output_training/checkpoint/fdc4cf41-3ee2-43d0-946c-b63fbb17cb9c/anemoi-by_epoch-epoch_000-step_000300.ckpt
[2025-12-10 14:54:47,862][anemoi.utils.checkpoints][INFO] - Saving metadata to archive/anemoi-metadata/ai-models.json
[2025-12-10 14:54:47,864][anemoi.utils.checkpoints][INFO] - Saving supporting array `latitudes` to archive/anemoi-metadata/latitudes.numpy (shape=(40320,), dtype=float64)
[2025-12-10 14:54:47,865][anemoi.utils.checkpoints][INFO] - Saving supporting array `longitudes` to archive/anemoi-metadata/longitudes.numpy (shape=(40320,), dtype=float64)
[2025-12-10 14:54:49,054][anemoi.utils.checkpoints][INFO] - Adding extra information to checkpoint /lus/h2resw01/hpcperm/nld4584/Anemoi_S2S_experiment/output_training/checkpoint/fdc4cf41-3ee2-43d0-946c-b63fbb17cb9c/inference-last.ckpt
[2025-12-10 14:54:49,054][anemoi.utils.checkpoints][INFO] - Saving metadata to inference-last/anemoi-metadata/ai-models.json
[2025-12-10 14:54:49,056][anemoi.utils.checkpoints][INFO] - Saving supporting array `latitudes` to inference-last/anemoi-metadata/latitudes.numpy (shape=(40320,), dtype=float64)
[2025-12-10 14:54:49,057][anemoi.utils.checkpoints][INFO] - Saving supporting array `longitudes` to inference-last/anemoi-metadata/longitudes.numpy (shape=(40320,), dtype=float64)
[2025-12-10 14:54:59,600][anemoi.utils.checkpoints][INFO] - Adding extra information to checkpoint /lus/h2resw01/hpcperm/nld4584/Anemoi_S2S_experiment/output_training/checkpoint/fdc4cf41-3ee2-43d0-946c-b63fbb17cb9c/last.ckpt
[2025-12-10 14:54:59,600][anemoi.utils.checkpoints][INFO] - Saving metadata to archive/anemoi-metadata/ai-models.json
[2025-12-10 14:54:59,602][anemoi.utils.checkpoints][INFO] - Saving supporting array `latitudes` to archive/anemoi-metadata/latitudes.numpy (shape=(40320,), dtype=float64)
[2025-12-10 14:54:59,603][anemoi.utils.checkpoints][INFO] - Saving supporting array `longitudes` to archive/anemoi-metadata/longitudes.numpy (shape=(40320,), dtype=float64)
[2025-12-10 14:55:01,345][anemoi.training.diagnostics.callbacks.plot][INFO] - Teardown of the Plot Callback ...
[2025-12-10 14:55:01,345][anemoi.training.diagnostics.callbacks.plot][INFO] - waiting and shutting down the executor ...
[2025-12-10 14:55:01,345][anemoi.training.diagnostics.callbacks.plot][INFO] - Teardown of the Plot Callback ...
[2025-12-10 14:55:01,345][anemoi.training.diagnostics.callbacks.plot][INFO] - waiting and shutting down the executor ...
[2025-12-10 14:55:01,345][anemoi.training.diagnostics.callbacks.plot][INFO] - Teardown of the Plot Callback ...
[2025-12-10 14:55:01,345][anemoi.training.diagnostics.callbacks.plot][INFO] - waiting and shutting down the executor ...
[2025-12-10 14:55:01,346][anemoi.training.diagnostics.callbacks.plot][INFO] - Teardown of the Plot Callback ...
[2025-12-10 14:55:01,346][anemoi.training.diagnostics.callbacks.plot][INFO] - waiting and shutting down the executor ...
[2025-12-10 14:55:01,346][anemoi.training.diagnostics.callbacks.plot][INFO] - Teardown of the Plot Callback ...
[2025-12-10 14:55:01,346][anemoi.training.diagnostics.callbacks.plot][INFO] - waiting and shutting down the executor ...
